{"name": "test_sample2", "status": "failed", "statusDetails": {"message": "AssertionError: assert 6 == 5", "trace": "def test_sample2():\n>       assert 6 == 5\nE       assert 6 == 5\n\nDEC\\4_Dec\\test_labapi005.py:9: AssertionError"}, "start": 1703357025306, "stop": 1703357025308, "uuid": "aeab68cb-5587-4e95-aa0c-5f233b72bb4c", "historyId": "79f88f4c024cbc55605ca0723ece6ec6", "testCaseId": "79f88f4c024cbc55605ca0723ece6ec6", "fullName": "DEC.4_Dec.test_labapi005#test_sample2", "labels": [{"name": "parentSuite", "value": "DEC.4_Dec"}, {"name": "suite", "value": "test_labapi005"}, {"name": "host", "value": "SLB-8WJ62X2"}, {"name": "thread", "value": "23432-MainThread"}, {"name": "framework", "value": "pytest"}, {"name": "language", "value": "cpython3"}, {"name": "package", "value": "DEC.4_Dec.test_labapi005"}]}