{"name": "test_sample2", "status": "failed", "statusDetails": {"message": "AssertionError: assert 6 == 5", "trace": "def test_sample2():\n>       assert 6 == 5\nE       assert 6 == 5\n\nDEC\\4_Dec\\test_labapi005.py:9: AssertionError"}, "start": 1703352493286, "stop": 1703352493286, "uuid": "2ac7ac6c-564e-4f81-bd91-8d47d3885d51", "historyId": "79f88f4c024cbc55605ca0723ece6ec6", "testCaseId": "79f88f4c024cbc55605ca0723ece6ec6", "fullName": "DEC.4_Dec.test_labapi005#test_sample2", "labels": [{"name": "parentSuite", "value": "DEC.4_Dec"}, {"name": "suite", "value": "test_labapi005"}, {"name": "host", "value": "SLB-8WJ62X2"}, {"name": "thread", "value": "8800-MainThread"}, {"name": "framework", "value": "pytest"}, {"name": "language", "value": "cpython3"}, {"name": "package", "value": "DEC.4_Dec.test_labapi005"}]}